<?xml version="1.0" encoding="UTF-8"?>
<!-- Generated by org.testng.reporters.JUnitReportReporter -->
<testsuite hostname="LAPTOP-CRLAT3D1" name="test.com.LoginPageTest" tests="2" failures="0" timestamp="2 Mar 2019 21:58:39 GMT" time="0.005" errors="0">
  <testcase name="testPassword" time="0.005" classname="test.com.LoginPageTest"/>
  <testcase name="testUsername" time="0.000" classname="test.com.LoginPageTest"/>
</testsuite> <!-- test.com.LoginPageTest -->
